[    0.000000] Initializing cgroup subsys cpuset
[    0.000000] Initializing cgroup subsys cpu
[    0.000000] Initializing cgroup subsys cpuacct
[    0.000000] Linux version 4.4.0-141-generic (buildd@lcy01-amd64-006) (gcc version 5.4.0 20160609 (Ubuntu 5.4.0-6ubuntu1~16.04.10) ) #167-Ubuntu SMP Wed Dec 5 10:40:15 UTC 2018 (Ubuntu 4.4.0-141.167-generic 4.4.162)
[    0.000000] Command line: BOOT_IMAGE=/boot/vmlinuz-4.4.0-141-generic root=LABEL=cloudimg-rootfs ro console=tty1 console=ttyS0
[    0.000000] KERNEL supported cpus:
[    0.000000]   Intel GenuineIntel
[    0.000000]   AMD AuthenticAMD
[    0.000000]   Centaur CentaurHauls
[    0.000000] x86/fpu: xstate_offset[2]:  576, xstate_sizes[2]:  256
[    0.000000] x86/fpu: Supporting XSAVE feature 0x01: 'x87 floating point registers'
[    0.000000] x86/fpu: Supporting XSAVE feature 0x02: 'SSE registers'
[    0.000000] x86/fpu: Supporting XSAVE feature 0x04: 'AVX registers'
[    0.000000] x86/fpu: Enabled xstate features 0x7, context size is 832 bytes, using 'standard' format.
[    0.000000] e820: BIOS-provided physical RAM map:
[    0.000000] BIOS-e820: [mem 0x0000000000000000-0x000000000009fbff] usable
[    0.000000] BIOS-e820: [mem 0x000000000009fc00-0x000000000009ffff] reserved
[    0.000000] BIOS-e820: [mem 0x00000000000f0000-0x00000000000fffff] reserved
[    0.000000] BIOS-e820: [mem 0x0000000000100000-0x000000001ffeffff] usable
[    0.000000] BIOS-e820: [mem 0x000000001fff0000-0x000000001fffffff] ACPI data
[    0.000000] BIOS-e820: [mem 0x00000000fec00000-0x00000000fec00fff] reserved
[    0.000000] BIOS-e820: [mem 0x00000000fee00000-0x00000000fee00fff] reserved
[    0.000000] BIOS-e820: [mem 0x00000000fffc0000-0x00000000ffffffff] reserved
[    0.000000] NX (Execute Disable) protection: active
[    0.000000] SMBIOS 2.5 present.
[    0.000000] Hypervisor detected: KVM
[    0.000000] e820: last_pfn = 0x1fff0 max_arch_pfn = 0x400000000
[    0.000000] MTRR: Disabled
[    0.000000] x86/PAT: MTRRs disabled, skipping PAT initialization too.
[    0.000000] CPU MTRRs all blank - virtualized system.
[    0.000000] x86/PAT: Configuration [0-7]: WB  WT  UC- UC  WB  WT  UC- UC  
[    0.000000] found SMP MP-table at [mem 0x0009fff0-0x0009ffff] mapped at [ffff88000009fff0]
[    0.000000] Scanning 1 areas for low memory corruption
[    0.000000] RAMDISK: [mem 0x1e8db000-0x1f750fff]
[    0.000000] ACPI: Early table checksum verification disabled
[    0.000000] ACPI: RSDP 0x00000000000E0000 000024 (v02 VBOX  )
[    0.000000] ACPI: XSDT 0x000000001FFF0030 00003C (v01 VBOX   VBOXXSDT 00000001 ASL  00000061)
[    0.000000] ACPI: FACP 0x000000001FFF00F0 0000F4 (v04 VBOX   VBOXFACP 00000001 ASL  00000061)
[    0.000000] ACPI: DSDT 0x000000001FFF0470 0021FF (v02 VBOX   VBOXBIOS 00000002 INTL 20180105)
[    0.000000] ACPI: FACS 0x000000001FFF0200 000040
[    0.000000] ACPI: FACS 0x000000001FFF0200 000040
[    0.000000] ACPI: APIC 0x000000001FFF0240 00005C (v02 VBOX   VBOXAPIC 00000001 ASL  00000061)
[    0.000000] ACPI: SSDT 0x000000001FFF02A0 0001CC (v01 VBOX   VBOXCPUT 00000002 INTL 20180105)
[    0.000000] No NUMA configuration found
[    0.000000] Faking a node at [mem 0x0000000000000000-0x000000001ffeffff]
[    0.000000] NODE_DATA(0) allocated [mem 0x1ffeb000-0x1ffeffff]
[    0.000000] kvm-clock: Using msrs 4b564d01 and 4b564d00
[    0.000000] kvm-clock: cpu 0, msr 0:1ffe3001, primary cpu clock
[    0.000000] kvm-clock: using sched offset of 4045076194 cycles
[    0.000000] clocksource: kvm-clock: mask: 0xffffffffffffffff max_cycles: 0x1cd42e4dffb, max_idle_ns: 881590591483 ns
[    0.000000] Zone ranges:
[    0.000000]   DMA      [mem 0x0000000000001000-0x0000000000ffffff]
[    0.000000]   DMA32    [mem 0x0000000001000000-0x000000001ffeffff]
[    0.000000]   Normal   empty
[    0.000000]   Device   empty
[    0.000000] Movable zone start for each node
[    0.000000] Early memory node ranges
[    0.000000]   node   0: [mem 0x0000000000001000-0x000000000009efff]
[    0.000000]   node   0: [mem 0x0000000000100000-0x000000001ffeffff]
[    0.000000] Initmem setup node 0 [mem 0x0000000000001000-0x000000001ffeffff]
[    0.000000] ACPI: PM-Timer IO Port: 0x4008
[    0.000000] IOAPIC[0]: apic_id 2, version 32, address 0xfec00000, GSI 0-23
[    0.000000] ACPI: INT_SRC_OVR (bus 0 bus_irq 0 global_irq 2 dfl dfl)
[    0.000000] ACPI: INT_SRC_OVR (bus 0 bus_irq 9 global_irq 9 low level)
[    0.000000] Using ACPI (MADT) for SMP configuration information
[    0.000000] smpboot: Allowing 2 CPUs, 0 hotplug CPUs
[    0.000000] PM: Registered nosave memory: [mem 0x00000000-0x00000fff]
[    0.000000] PM: Registered nosave memory: [mem 0x0009f000-0x0009ffff]
[    0.000000] PM: Registered nosave memory: [mem 0x000a0000-0x000effff]
[    0.000000] PM: Registered nosave memory: [mem 0x000f0000-0x000fffff]
[    0.000000] e820: [mem 0x20000000-0xfebfffff] available for PCI devices
[    0.000000] Booting paravirtualized kernel on KVM
[    0.000000] clocksource: refined-jiffies: mask: 0xffffffff max_cycles: 0xffffffff, max_idle_ns: 7645519600211568 ns
[    0.000000] setup_percpu: NR_CPUS:512 nr_cpumask_bits:512 nr_cpu_ids:2 nr_node_ids:1
[    0.000000] PERCPU: Embedded 34 pages/cpu @ffff88001fc00000 s99608 r8192 d31464 u1048576
[    0.000000] PV qspinlock hash table entries: 256 (order: 0, 4096 bytes)
[    0.000000] Built 1 zonelists in Node order, mobility grouping on.  Total pages: 128888
[    0.000000] Policy zone: DMA32
[    0.000000] Kernel command line: BOOT_IMAGE=/boot/vmlinuz-4.4.0-141-generic root=LABEL=cloudimg-rootfs ro console=tty1 console=ttyS0
[    0.000000] PID hash table entries: 2048 (order: 2, 16384 bytes)
[    0.000000] Memory: 481616K/523832K available (8568K kernel code, 1314K rwdata, 4008K rodata, 1528K init, 1316K bss, 42216K reserved, 0K cma-reserved)
[    0.000000] SLUB: HWalign=64, Order=0-3, MinObjects=0, CPUs=2, Nodes=1
[    0.000000] Kernel/User page tables isolation: enabled
[    0.000000] Hierarchical RCU implementation.
[    0.000000] 	Build-time adjustment of leaf fanout to 64.
[    0.000000] 	RCU restricting CPUs from NR_CPUS=512 to nr_cpu_ids=2.
[    0.000000] RCU: Adjusting geometry for rcu_fanout_leaf=64, nr_cpu_ids=2
[    0.000000] NR_IRQS:33024 nr_irqs:440 16
[    0.000000] Console: colour VGA+ 80x25
[    0.000000] console [tty1] enabled
[    0.000000] console [ttyS0] enabled
[    0.000000] tsc: Detected 2494.330 MHz processor
[    0.176027] Calibrating delay loop (skipped) preset value.. 4988.66 BogoMIPS (lpj=9977320)
[    0.178089] pid_max: default: 32768 minimum: 301
[    0.179221] ACPI: Core revision 20150930
[    0.181134] ACPI: 2 ACPI AML tables successfully acquired and loaded
[    0.182737] Security Framework initialized
[    0.183798] Yama: becoming mindful.
[    0.184705] AppArmor: AppArmor initialized
[    0.185766] Dentry cache hash table entries: 65536 (order: 7, 524288 bytes)
[    0.187440] Inode-cache hash table entries: 32768 (order: 6, 262144 bytes)
[    0.189010] Mount-cache hash table entries: 1024 (order: 1, 8192 bytes)
[    0.190537] Mountpoint-cache hash table entries: 1024 (order: 1, 8192 bytes)
[    0.192283] Initializing cgroup subsys io
[    0.193298] Initializing cgroup subsys memory
[    0.194387] Initializing cgroup subsys devices
[    0.195546] Initializing cgroup subsys freezer
[    0.196620] Initializing cgroup subsys net_cls
[    0.197697] Initializing cgroup subsys perf_event
[    0.198823] Initializing cgroup subsys net_prio
[    0.199957] Initializing cgroup subsys hugetlb
[    0.201044] Initializing cgroup subsys pids
[    0.203654] mce: CPU supports 0 MCE banks
[    0.204657] Last level iTLB entries: 4KB 512, 2MB 8, 4MB 8
[    0.205936] Last level dTLB entries: 4KB 512, 2MB 32, 4MB 32, 1GB 0
[    0.207388] Spectre V2 : Mitigation: Full generic retpoline
[    0.208662] Spectre V2 : Spectre v2 mitigation: Speculation control IBPB not-supported IBRS not-supported
[    0.210707] Spectre V2 : Spectre v2 / SpectreRSB mitigation: Filling RSB on context switch
[    0.212993] Speculative Store Bypass: Vulnerable
[    0.216761] Freeing SMP alternatives memory: 32K
[    0.226200] ftrace: allocating 32291 entries in 127 pages
[    0.282602] smpboot: APIC(0) Converting physical 0 to logical package 0
[    0.284160] smpboot: Max logical packages: 1
[    0.285472] x2apic enabled
[    0.286463] Switched APIC routing to physical x2apic.
[    0.289498] ..TIMER: vector=0x30 apic1=0 pin1=2 apic2=-1 pin2=-1
[    0.399685] smpboot: CPU0: Intel(R) Core(TM) i5-3210M CPU @ 2.50GHz (family: 0x6, model: 0x3a, stepping: 0x9)
[    0.414514] Performance Events: unsupported p6 CPU model 58 no PMU driver, software events only.
[    0.416861] KVM setup paravirtual spinlock
[    0.424009] x86: Booting SMP configuration:
[    0.425115] .... node  #0, CPUs:      #1
[    0.426209] kvm-clock: cpu 1, msr 0:1ffe3041, secondary cpu clock
[    0.427708] mce: CPU supports 0 MCE banks
[    0.430449] x86: Booted up 1 node, 2 CPUs
[    0.431528] smpboot: Total of 2 processors activated (9977.32 BogoMIPS)
[    0.433990] devtmpfs: initialized
[    0.436439] evm: security.selinux
[    0.437183] evm: security.SMACK64
[    0.437924] evm: security.SMACK64EXEC
[    0.438694] evm: security.SMACK64TRANSMUTE
[    0.439523] evm: security.SMACK64MMAP
[    0.440306] evm: security.ima
[    0.441106] evm: security.capability
[    0.442276] clocksource: jiffies: mask: 0xffffffff max_cycles: 0xffffffff, max_idle_ns: 7645041785100000 ns
[    0.444647] futex hash table entries: 512 (order: 3, 32768 bytes)
[    0.446235] pinctrl core: initialized pinctrl subsystem
[    0.447628] RTC time:  6:56:59, date: 01/24/19
[    0.448936] NET: Registered protocol family 16
[    0.460508] cpuidle: using governor ladder
[    0.472727] cpuidle: using governor menu
[    0.479296] PCCT header not found.
[    0.480627] ACPI: bus type PCI registered
[    0.481850] acpiphp: ACPI Hot Plug PCI Controller Driver version: 0.5
[    0.483535] PCI: Using configuration type 1 for base access
[    0.498335] ACPI: Added _OSI(Module Device)
[    0.499909] ACPI: Added _OSI(Processor Device)
[    0.501577] ACPI: Added _OSI(3.0 _SCP Extensions)
[    0.504826] ACPI: Added _OSI(Processor Aggregator Device)
[    0.513295] ACPI: Executed 1 blocks of module-level executable AML code
[    0.517046] ACPI: Interpreter enabled
[    0.518097] ACPI: (supports S0 S5)
[    0.518997] ACPI: Using IOAPIC for interrupt routing
[    0.520363] PCI: Using host bridge windows from ACPI; if necessary, use "pci=nocrs" and report a bug
[    0.526293] ACPI: PCI Root Bridge [PCI0] (domain 0000 [bus 00-ff])
[    0.527758] acpi PNP0A03:00: _OSC: OS supports [ASPM ClockPM Segments MSI]
[    0.529318] acpi PNP0A03:00: _OSC: not requesting OS control; OS requires [ExtendedConfig ASPM ClockPM MSI]
[    0.533617] acpi PNP0A03:00: fail to add MMCONFIG information, can't access extended PCI configuration space under this bridge.
[    0.566075] PCI host bridge to bus 0000:00
[    0.609358] pci_bus 0000:00: root bus resource [io  0x0000-0x0cf7 window]
[    0.617162] pci_bus 0000:00: root bus resource [io  0x0d00-0xffff window]
[    0.618733] pci_bus 0000:00: root bus resource [mem 0x000a0000-0x000bffff window]
[    0.620789] pci_bus 0000:00: root bus resource [mem 0x20000000-0xfdffffff window]
[    0.624462] pci_bus 0000:00: root bus resource [bus 00-ff]
[    0.628822] pci 0000:00:01.1: legacy IDE quirk: reg 0x10: [io  0x01f0-0x01f7]
[    0.630848] pci 0000:00:01.1: legacy IDE quirk: reg 0x14: [io  0x03f6]
[    0.632706] pci 0000:00:01.1: legacy IDE quirk: reg 0x18: [io  0x0170-0x0177]
[    0.635525] pci 0000:00:01.1: legacy IDE quirk: reg 0x1c: [io  0x0376]
[    0.670653] pci 0000:00:07.0: quirk: [io  0x4000-0x403f] claimed by PIIX4 ACPI
[    0.684044] pci 0000:00:07.0: quirk: [io  0x4100-0x410f] claimed by PIIX4 SMB
[    0.705687] ACPI: PCI Interrupt Link [LNKA] (IRQs 5 9 10 *11)
[    0.710661] ACPI: PCI Interrupt Link [LNKB] (IRQs 5 9 *10 11)
[    0.712432] ACPI: PCI Interrupt Link [LNKC] (IRQs 5 *9 10 11)
[    0.714035] ACPI: PCI Interrupt Link [LNKD] (IRQs 5 9 10 *11)
[    0.715683] ACPI: Enabled 2 GPEs in block 00 to 07
[    0.717117] vgaarb: setting as boot device: PCI:0000:00:02.0
[    0.718210] vgaarb: device added: PCI:0000:00:02.0,decodes=io+mem,owns=io+mem,locks=none
[    0.719828] vgaarb: loaded
[    0.720475] vgaarb: bridge control possible 0000:00:02.0
[    0.721845] SCSI subsystem initialized
[    0.723058] ACPI: bus type USB registered
[    0.724174] usbcore: registered new interface driver usbfs
[    0.725525] usbcore: registered new interface driver hub
[    0.726763] usbcore: registered new device driver usb
[    0.728345] PCI: Using ACPI for IRQ routing
[    0.729727] NetLabel: Initializing
[    0.730659] NetLabel:  domain hash size = 128
[    0.731808] NetLabel:  protocols = UNLABELED CIPSOv4
[    0.733049] NetLabel:  unlabeled traffic allowed by default
[    0.734613] amd_nb: Cannot enumerate AMD northbridges
[    0.735919] clocksource: Switched to clocksource kvm-clock
[    0.744025] AppArmor: AppArmor Filesystem Enabled
[    0.745273] pnp: PnP ACPI init
[    0.746921] pnp: PnP ACPI: found 3 devices
[    0.758474] clocksource: acpi_pm: mask: 0xffffff max_cycles: 0xffffff, max_idle_ns: 2085701024 ns
[    0.761943] NET: Registered protocol family 2
[    0.763216] TCP established hash table entries: 4096 (order: 3, 32768 bytes)
[    0.764859] TCP bind hash table entries: 4096 (order: 4, 65536 bytes)
[    0.766328] TCP: Hash tables configured (established 4096 bind 4096)
[    0.768250] UDP hash table entries: 256 (order: 1, 8192 bytes)
[    0.769642] UDP-Lite hash table entries: 256 (order: 1, 8192 bytes)
[    0.771091] NET: Registered protocol family 1
[    0.772149] pci 0000:00:00.0: Limiting direct PCI/PCI transfers
[    0.773531] pci 0000:00:01.0: Activating ISA DMA hang workarounds
[    0.775035] Unpacking initramfs...
[    0.991797] Freeing initrd memory: 14808K
[    1.001649] RAPL PMU detected, API unit is 2^-32 Joules, 3 fixed counters 10737418240 ms ovfl timer
[    1.003789] hw unit of domain pp0-core 2^-0 Joules
[    1.004969] hw unit of domain package 2^-0 Joules
[    1.006110] hw unit of domain pp1-gpu 2^-0 Joules
[    1.007286] platform rtc_cmos: registered platform RTC device (no PNP device found)
[    1.009230] Scanning for low memory corruption every 60 seconds
[    1.011196] audit: initializing netlink subsys (disabled)
[    1.012535] audit: type=2000 audit(1548313025.683:1): initialized
[    1.014298] Initialise system trusted keyring
[    1.015702] HugeTLB registered 2 MB page size, pre-allocated 0 pages
[    1.018576] zbud: loaded
[    1.019744] VFS: Disk quotas dquot_6.6.0
[    1.020818] VFS: Dquot-cache hash table entries: 512 (order 0, 4096 bytes)
[    1.022600] squashfs: version 4.0 (2009/01/31) Phillip Lougher
[    1.024315] fuse init (API version 7.23)
[    1.025424] Key type big_key registered
[    1.026423] Allocating IMA MOK and blacklist keyrings.
[    1.029233] Key type asymmetric registered
[    1.033952] Asymmetric key parser 'x509' registered
[    1.081351] Block layer SCSI generic (bsg) driver version 0.4 loaded (major 249)
[    1.082975] io scheduler noop registered
[    1.083803] io scheduler deadline registered (default)
[    1.084866] io scheduler cfq registered
[    1.085790] pci_hotplug: PCI Hot Plug PCI Core version: 0.5
[    1.086853] pciehp: PCI Express Hot Plug Controller Driver version: 0.4
[    1.121179] ACPI: AC Adapter [AC] (off-line)
[    1.122139] input: Power Button as /devices/LNXSYSTM:00/LNXPWRBN:00/input/input0
[    1.123651] ACPI: Power Button [PWRF]
[    1.124527] input: Sleep Button as /devices/LNXSYSTM:00/LNXSLPBN:00/input/input1
[    1.126048] ACPI: Sleep Button [SLPF]
[    1.127656] ACPI: Battery Slot [BAT0] (battery present)
[    1.128752] GHES: HEST is not enabled!
[    1.130604] Serial: 8250/16550 driver, 32 ports, IRQ sharing enabled
[    1.160709] 00:02: ttyS0 at I/O 0x3f8 (irq = 4, base_baud = 115200) is a 16550A
[    1.166603] Linux agpgart intrface v0.103

[    1.195429] loop: module loaded
[    1.197114] scsi host0: ata_piix
[    1.207463] scsi host1: ata_piix
[    1.208400] ata1: PATA max UDMA/33 cmd 0x1f0 ctl 0x3f6 bmdma 0xd000 irq 14
[    1.209945] ata2: PATA max UDMA/3cm0x0 l 37bma d0 i 1

[    1.732711] libphy: Fixed MDIO Bus: probed
[    1.733614] tun: Universal TUN/TAP device driver, 1.6
[    1.734599] tun: (C) 1999-2004 Max Krasnyansky <maxk@qualcomm.com>
[    1.735934] PPP generic driver version 2.4.2
[    1.737250] ehci_hcd: USB 2.0 'Enhanced' Host Controller (EHCI) Driver
[    1.744099] ehci-pci: EHCI PCI platform driver
[    1.745344] ehci-platform: EHCI generic platform driver
[    1.746680] ohci_hcd: USB 1.1 'Open' Host Controller (OHCI) Driver
[    1.748181] ohci-pci: OHCI PCI platform driver
[    1.749329] ohci-platform: OHCI generic platform driver
[    1.750610] uhci_hcd: USB Universal Host Controller Interface driver
[    1.752208] i8042: PNP: PS/2 Controller [PNP0303:PS2K,PNP0f03:PS2M] at 0x60,0x64 irq 1,12
[    1.754827] serio: i8042 KBD port at 0x60,0x64 irq 1
[  1.756060] serio: i8042 AUX port at 0x60,0x64 irq 12

[    1.813168] mousedev: PS/2 mouse device common for all mice
[    1.815056] input: AT Translated Set 2 keyboard as /devices/platform/i8042/serio0/input/input2
[    1.817709] rtc_cmos rtc_cmos: rtc core: registered rtc_cmos as rtc0
[    1.819300] rtc_cmos rtc_cmos: alarms up to one day, 114 bytes nvram
[    1.820784] i2c /dev entries driver
[    1.821774] device-mapper: uevent: version 1.0.3
[    1.823008] device-mapper: ioctl: 4.34.0-ioctl (2015-10-28) initialised: dm-devel@redhat.com
[    1.825096] ledtrig-cpu: registered to indicate activity on CPUs
[    1.829700] NET: Registered protocol family 10
[    1.831154] NET: Registered protocol family 17
[    1.832329] Key type dns_resolver registered
[    1.834536] registered taskstats version 1
[    1.835573] Loading compiled-in X.509 certificates
[    1.837532] Loaded X.509 cert 'Build time autogenerated kernel key: 7c9fb337b82e5a343493fe891c556beae1895c7c'
[    1.839945] zswap: loaded using pool lzo/zbud
[    1.844826] Key type trusted registered
[    1.853728] Key type encrypted registered
[    1.854593] AppArmor: AppArmor sha1 policy hashing enabled
[    1.855661] ima: No TPM chip found, activating TPM-bypass!
[    1.856737] ima: Allocated hash algorithm: sha1
[    1.857727] evm: HMAC attrs: 0x1
[    1.859087]   Magic number: 3:298:924
[    1.860235] rtc_cmos rtc_cmos: setting system clock to 2019-01-24 06:57:00 UTC (1548313020)
[    1.862507] BIOS EDD facility v0.16 2004-Jun-25, 0 devices found
[    1.863917] EDD information not available.
[    1.891989] Freeing unused kernel memory: 1528K
[    1.893473] Write protecting the kernel read-only data: 14336k
[    1.896028] Freeing unused kernel memory: 1660K
[    1.897774] Freeing unused kernel memory: 88K
Loading, please wait...
starting version 229
[    1.921515] random: systemd-udevd: uninitialized urandom read (16 bytes read, 2 bits of entropy available)
[    1.922397] random: udevadm: uninitialized urandom read (16 bytes read, 2 bits of entropy available)
[    1.922434] random: udevadm: uninitialized urandom read (16 bytes read, 2 bits of entropy available)
[    1.930886] random: systemd-udevd: uninitialized urandom read (16 bytes read, 2 bits of entropy available)
[    1.933772] random: systemd-udevd: uninitialized urandom read (16 bytes read, 2 bits of entropy available)
[    1.935841] random: systemd-udevd: uninitialized urandom read (16 bytes read, 2 bits of entropy available)
[    1.938651] random: systemd-udevd: uninitialized urandom read (16 bytes read, 2 bits of entropy available)
[    1.939889] random: udevadm: uninitialized urandom read (16 bytes read, 2 bits of entropy available)
[    1.939941] random: udevadm: uninitialized urandom read (16 bytes read, 2 bits of entropy available)
[    1.940107] random: udevadm: uninitialized urandom read (16 bytes read, 2 bits of entropy available)
[    1.989991] e1000: Intel(R) PRO/1000 Network Driver - version 7.3.21-k8-NAPI
[    1.991732] e1000: Copyright (c) 1999-2006 Intel Corporation.
[    1.995386] Fusion MPT base driver 3.04.20
[    1.996765] Copyright (c) 1999-2008 LSI Corporation
[    2.004628] tsc: Refined TSC clocksource calibration: 2495.763 MHz
[    2.006110] clocksource: tsc: mask: 0xffffffffffffffff max_cycles: 0x23f997733d3, max_idle_ns: 440795293724 ns
[    2.023164] Fusion MPT SPI Host driver 3.04.20
[    2.039265] AVX version of gcm_enc/dec engaged.
[    2.040596] AES CTR mode by8 optimization enabled
[    2.221464] input: ImExPS/2 Generic Explorer Mouse as /devices/platform/i8042/serio1/input/input4
[    2.375116] e1000 0000:00:03.0 eth0: (PCI:33MHz:32-bit) 02:9c:d2:53:c1:d1
[    2.401629] e1000 0000:00:03.0 eth0: Intel(R) PRO/1000 Network Connection
[    2.755593] e1000 0000:00:08.0 eth1: (PCI:33MHz:32-bit) 08:00:27:c1:ce:33
[    2.761652] e1000 0000:00:08.0 eth1: Intel(R) PRO/1000 Network Connection
[    2.765199] e1000 0000:00:03.0 enp0s3: renamed from eth0
[    2.767643] mptbase: ioc0: Initiating bringup
[    2.780402] e1000 0000:00:08.0 enp0s8: renamed from eth1
[    2.840972] ioc0: LSI53C1030 A0: Capabilities={Initiator}
[    3.473603] scsi host2: ioc0: LSI53C1030 A0, FwRev=00000000h, Ports=1, MaxQ=256, IRQ=20
[    3.882881] scsi 2:0:0:0: Direct-Access     VBOX     HARDDISK         1.0  PQ: 0 ANSI: 5
[    3.902134] scsi target2:0:0: Beginning Domain Validation
[    3.915337] scsi target2:0:0: Domain Validation skipping write tests
[    3.916530] scsi target2:0:0: Ending Domain Validation
[    3.917595] scsi target2:0:0: asynchronous
[    3.919253] scsi 2:0:1:0: Direct-Access     VBOX     HARDDISK         1.0  PQ: 0 ANSI: 5
[    3.920883] scsi target2:0:1: Beginning Domain Validation
[    3.923954] scsi target2:0:1: Domain Validation skipping write tests
[    3.925100] scsi target2:0:1: Ending Domain Validation
[    3.926181] scsi target2:0:1: asynchronous
[    3.934404] sd 2:0:0:0: [sda] 20971520 512-byte logical blocks: (10.7 GB/10.0 GiB)
[    3.936024] sd 2:0:0:0: Attached scsi generic sg0 type 0
[    3.937496] sd 2:0:1:0: [sdb] 20480 512-byte logical blocks: (10.5 MB/10.0 MiB)
[    3.939911] sd 2:0:1:0: Attached scsi generic sg1 type 0
[    3.940073] sd 2:0:0:0: [sda] Write Protect is off
[    3.940223] sd 2:0:0:0: [sda] Incomplete mode parameter data
[    3.940225] sd 2:0:0:0: [sda] Assuming drive cache: write through
[    3.949529] sd 2:0:1:0: [sdb] Write Protect is off
[    3.949644] sd 2:0:1:0: [sdb] Incomplete mode parameter data
[    3.949645] sd 2:0:1:0: [sdb] Assuming drive cache: write through
[    3.956216]  sda: sda1
[    3.956815] sd 2:0:0:0: [sda] Attached SCSI disk
[    3.984501] sd 2:0:1:0: [sdb] Attached SCSI disk
Begin: Loading essential drivers[    5.433215] md: linear personality registered for level -1
 ... [    5.568005] md: multipath personality registered for level -4
[    5.576079] md: raid0 personality registered for level 0
[    5.579908] md: raid1 personality registered for level 1
[    5.651992] raid6: sse2x1   gen()  8167 MB/s
[    5.735974] raid6: sse2x1   xor()  6163 MB/s
[    5.803986] raid6: sse2x2   gen()  9795 MB/s
[    5.871971] raid6: sse2x2   xor()  6829 MB/s
[    5.943996] raid6: sse2x4   gen() 11764 MB/s
[    6.011988] raid6: sse2x4   xor()  8850 MB/s
[    6.012880] raid6: using algorithm sse2x4 gen() 11764 MB/s
[    6.013922] raid6: .... xor() 8850 MB/s, rmw enabled
[    6.014875] raid6: using ssse3x2 recovery algorithm
[    6.018053] xor: automatically using best checksumming function:
[    6.080411]    avx       : 44604.000 MB/sec
[    6.083654] async_tx: api initialized (async)
[    6.094910] md: raid6 personality registered for level 6
[    6.098460] md: raid5 personality registered for level 5
[    6.099463] md: raid4 personality registered for level 4
[    6.107183] md: raid10 personality registered for level 10
done.
Begin: Running /scripts/init-premount ... done.
Begin: Mounting root file system ... Begin: Running /scripts/local-top ... done.
Begin: Running /scripts/local-premount ... [    6.147779] Btrfs loaded
Scanning for Btrfs filesystems
done.
Warning: fsck not present, so skipping root file system
[    6.273731] EXT4-fs (sda1): mounted filesystem with ordered data mode. Opts: (null)
done.
Begin: Running /scripts/local-bottom ... done.
Begin: Running /scripts/init-bottom ... done.
[    7.232513] systemd[1]: systemd 229 running in system mode. (+PAM +AUDIT +SELINUX +IMA +APPARMOR +SMACK +SYSVINIT +UTMP +LIBCRYPTSETUP +GCRYPT +GNUTLS +ACL +XZ -LZ4 +SECCOMP +BLKID +ELFUTILS +KMOD -IDN)
[    7.263500] systemd[1]: Detected virtualization oracle.
[    7.264548] systemd[1]: Detected architecture x86-64.

Welcome to [1mUbuntu 16.04.5 LTS[0m!

[    7.313231] systemd[1]: Set hostname to <ubuntu>.
[    7.357045] systemd[1]: Initializing machine ID from random generator.
[    7.381155] systemd[1]: Installed transient /etc/machine-id file.
[    7.476949] random: nonblocking pool is initialized
[    8.490469] systemd[1]: Listening on Syslog Socket.
[[0;32m  OK  [0m] Listening on Syslog Socket.
[    8.512335] systemd[1]: Reached target System Time Synchronized.
[[0;32m  OK  [0m] Reached target System Time Synchronized.
[    8.515014] systemd[1]: Set up automount Arbitrary Executable File Formats File System Automount Point.
[[0;32m  OK  [0m] Set up automount Arbitrary Executab...ats File System Automount Point.
[    8.518785] systemd[1]: Started Forward Password Requests to Wall Directory Watch.
[[0;32m  OK  [0m] Started Forward Password Requests to Wall Directory Watch.
[    8.522277] systemd[1]: Listening on udev Kernel Socket.
[[0;32m  OK  [0m] Listening on udev Kernel Socket.
[    8.524817] systemd[1]: Started Trigger resolvconf update for networkd DNS.
[[0;32m  OK  [0m] Started Trigger resolvconf update for networkd DNS.
[    8.527824] systemd[1]: Listening on Journal Socket (/dev/log).
[[0;32m  OK  [0m] Listening on Journal Socket (/dev/log).
[    8.530386] systemd[1]: Listening on Journal Socket.
[[0;32m  OK  [0m] Listening on Journal Socket.
[    8.532615] systemd[1]: Listening on udev Control Socket.
[[0;32m  OK  [0m] Listening on udev Control Socket.
[    8.534958] systemd[1]: Reached target Encrypted Volumes.
[[0;32m  OK  [0m] Reached target Encrypted Volumes.
[    8.537272] systemd[1]: Reached target User and Group Name Lookups.
[[0;32m  OK  [0m] Reached target User and Group Name Lookups.
[    8.540192] systemd[1]: Created slice System Slice.
[[0;32m  OK  [0m] Created slice System Slice.
[    8.552280] systemd[1]: Starting Set console keymap...
         Starting Set console keymap...
[    8.600980] systemd[1]: Starting Load Kernel Modules...
         Starting Load Kernel Modules...
[    8.627200] systemd[1]: Created slice system-serial\x2dgetty.slice.
[[0;32m  OK  [0m] Created slice system-serial\x2dgetty.slice.
[    8.648331] systemd[1]: Starting Uncomplicated firewall...
         Starting Uncomplicated firewall...
[    8.653806] systemd[1]: Starting Nameserver information manager...
         Starting Nameserver information manager...
[    8.659469] systemd[1]: Mounting Debug File System...
         Mounting Debug File System...
[    8.662595] systemd[1]: Mounting Huge Pages File System...
         Mounting Huge Pages File System...
[    8.668109] systemd[1]: Starting Remount Root and Kernel File Systems...
         Starting Remount Root and Kernel File Systems...
[    8.674043] systemd[1]: Starting Create list of required static device nodes for the current kernel...
         Starting Create list of required st... nodes for the current kernel...
[    8.687545] systemd[1]: Listening on Device-mapper event daemon FIFOs.
[[0;32m  OK  [0m] Listening on Device-mapper event daemon FIFOs.
[    8.690662] systemd[1]: Created slice User and Session Slice.
[[0;32m  OK  [0m] Created slice User and Session Slice.
[    8.693121] systemd[1]: Reached target Slices.
[[0;32m  OK  [0m] Reached target Slices.
[    8.695852] systemd[1]: Reached target Swap.
[[0;32m  OK  [0m] Reached target Swap.
[    8.698580] systemd[1]: Listening on Journal Audit Socket.
[[0;32m  OK  [0m] Listening on Journal Audit Socket.
[    8.719283] EXT4-fs (sda1): re-mounted. Opts: (null)
[    8.721620] systemd[1]: Starting Journal Service...
         Starting Journal Service...
[    8.726022] systemd[1]: Mounting POSIX Message Queue File System...
[    8.729680] Loading iSCSI transport class v2.0-870.
         Mounting POSIX Message Queue File System...
[    8.732521] systemd[1]: Listening on /dev/initctl Compatibility Named Pipe.
[[0;32m  OK  [0m] Listening on /dev/initctl Compatibility Named Pipe.
[    8.735900] systemd[1]: Listening on LVM2 metadata daemon socket.
[[0;32m  OK  [0m] Listening on LVM2 metadata daemon socket.
[    8.739590] systemd[1]: Starting Monitoring of LVM2 mirrors, snapshots etc. using dmeventd or progress polling...
         Starting Monitoring of LVM2 mirrors... dmeventd or progress polling...
[    8.743611] systemd[1]: Listening on LVM2 poll daemon socket.
[[0;32m  OK  [0m] Listening on LVM2 poll daemon socket.
[    8.748257] systemd[1]: Mounted Debug File System.
[[0;32m  OK  [0m] Mounted Debug File System.
[    8.750465] systemd[1]: Mounted Huge Pages File System.
[[0;32m  OK  [0m] Mounted Huge Pages File System.
[    8.753019] systemd[1]: Mounted POSIX Message Queue File System.
[[0;32m  OK  [0m] Mounted POSIX Message Queue File System.
[    8.756419] systemd[1]: Started Set console keymap.
[[0;32m  OK  [0m] Started Set console keymap.
[    8.759576] systemd[1]: Started Uncomplicated firewall.
[[0;32m  OK  [0m] Started Uncomplicated firewall.
[    8.763550] systemd[1]: Started Remount Root and Kernel File Systems.
[[0;32m  OK  [0m] Started Remount Root and Kernel File Systems.
[    8.793449] systemd[1]: Started Create list of required static device nodes for the current kernel.
[[0;32m  OK  [0m] Started Create list of required sta...ce nodes for the current kernel.
[    8.812335] systemd[1]: Starting Create Static Device Nodes in /dev...
         Starting Create Static Device Nodes in /dev...
[    8.844504] iscsi: registered transport (tcp)
[    8.872590] systemd[1]: Starting udev Coldplug all Devices...
         Starting udev Coldplug all Devices...
[    8.880280] systemd[1]: Starting Load/Save Random Seed...
         Starting Load/Save Random Seed...
[    8.885783] systemd[1]: Started Nameserver information manager.
[[0;32m  OK  [0m] Started Nameserver information manager.
[    9.134408] systemd[1]: Started Load/Save Random Seed.
[[0;32m  OK  [0m] Started Load/Save Random Seed.
[    9.201538] systemd[1]: Started udev Coldplug all Devices.
[[0;32m  OK  [0m] Started udev Coldplug all Devices.
[    9.269621] systemd[1]: Started Journal Service.
[[0;32m  OK  [0m] Started Journal Service.
         Starting Flush Journal to Persistent Storage...
[[0;32m  OK  [0m] Started LVM2 metadata daemon.
[    9.375966] iscsi: registered transport (iser)
[[0;32m  OK  [0m] Started Load Kernel Modules.
         Mounting FUSE Control File System...
         Starting Apply Kernel Variables...
[[0;32m  OK  [0m] Mounted FUSE Control File System.
[    9.423818] systemd-journald[389]: Received request to flush runtime journal from PID 1
[[0;32m  OK  [0m] Started Flush Journal to Persistent Storage.
[[0;32m  OK  [0m] Started Apply Kernel Variables.
[[0;32m  OK  [0m] Started Create Static Device Nodes in /dev.
         Starting udev Kernel Device Manager...
[[0;32m  OK  [0m] Started Monitoring of LVM2 mirrors,...ng dmeventd or progress polling.
[[0;32m  OK  [0m] Reached target Local File Systems (Pre).
[[0;32m  OK  [0m] Reached target Local File Systems.
         Starting Tell Plymouth To Write Out Runtime Data...
         Starting Commit a transient machine-id on disk...
         Starting LSB: AppArmor initialization...
         Starting Set console font and keymap...
         Starting Create Volatile Files and Directories...
         Starting Initial cloud-init job (pre-networking)...
[[0;32m  OK  [0m] Started Commit a transient machine-id on disk.
[[0;32m  OK  [0m] Started Tell Plymouth To Write Out Runtime Data.
[[0;32m  OK  [0m] Started Create Volatile Files and Directories.
         Starting Update UTMP about System Boot/Shutdown...
[[0;32m  OK  [0m] Started Update UTMP about System Boot/Shutdown.
[[0;32m  OK  [0m] Started Set console font and keymap.
[[0;32m  OK  [0m] Created slice system-getty.slice.
[[0;32m  OK  [0m] Started udev Kernel Device Manager.
[[0;32m  OK  [0m] Started Dispatch Password Requests to Console Directory Watch.
[[0;32m  OK  [0m] Found device /dev/ttyS0.
[[0;32m  OK  [0m] Listening on Load/Save RF Kill Switch Status /dev/rfkill Watch.
[[0;32m  OK  [0m] Started LSB: AppArmor initialization.
[   16.095437] cloud-init[475]: Cloud-init v. 18.4-0ubuntu1~16.04.2 running 'init-local' at Thu, 24 Jan 2019 06:57:14 +0000. Up 15.40 seconds.
[[0;32m  OK  [0m] Started Initial cloud-init job (pre-networking).
[[0;32m  OK  [0m] Reached target Network (Pre).
         Starting Raise network interfaces...
[[0;32m  OK  [0m] Started Raise network interfaces.
         Starting Initial cloud-init job (metadata service crawler)...
[[0;32m  OK  [0m] Reached target Network.
[   18.979907] cloud-init[943]: Cloud-init v. 18.4-0ubuntu1~16.04.2 running 'init' at Thu, 24 Jan 2019 06:57:16 +0000. Up 16.95 seconds.
[   18.985821] cloud-init[943]: ci-info: ++++++++++++++++++++++++++++++++++++++Net device info+++++++++++++++++++++++++++++++++++++++
[   18.988304] cloud-init[943]: ci-info: +--------+-------+----------------------------+---------------+--------+-------------------+
[   18.996676] cloud-init[943]: ci-info: | Device |   Up  |          Address           |      Mask     | Scope  |     Hw-Address    |
[   18.999829] cloud-init[943]: ci-info: +--------+-------+----------------------------+---------------+--------+-------------------+
[   19.003004] cloud-init[943]: ci-info: | enp0s3 |  True |         10.0.2.15          | 255.255.255.0 | global | 02:9c:d2:53:c1:d1 |
[   19.005994] cloud-init[943]: ci-info: | enp0s3 |  True | fe80::9c:d2ff:fe53:c1d1/64 |       .       |  link  | 02:9c:d2:53:c1:d1 |
[   19.008795] cloud-init[943]: ci-info: | enp0s8 | False |             .              |       .       |   .    | 08:00:27:c1:ce:33 |
[   19.011546] cloud-init[943]: ci-info: |   lo   |  True |         127.0.0.1          |   255.0.0.0   |  host  |         .         |
[   19.014510] cloud-init[943]: ci-info: |   lo   |  True |          ::1/128           |       .       |  host  |         .         |
[   19.024382] cloud-init[943]: ci-info: +--------+-------+----------------------------+---------------+--------+-------------------+
[   19.027337] cloud-init[943]: ci-info: +++++++++++++++++++++++++++Route IPv4 info++++++++++++++++++++++++++++
[   19.045001] cloud-init[943]: ci-info: +-------+-------------+----------+---------------+-----------+-------+
[   19.061714] cloud-init[943]: ci-info: | Route | Destination | Gateway  |    Genmask    | Interface | Flags |
[   19.071759] cloud-init[943]: ci-info: +-------+-------------+----------+---------------+-----------+-------+
[   19.072305] cloud-init[943]: ci-info: |   0   |   0.0.0.0   | 10.0.2.2 |    0.0.0.0    |   enp0s3  |   UG  |
[   19.072945] cloud-init[943]: ci-info: |   1   |   10.0.2.0  | 0.0.0.0  | 255.255.255.0 |   enp0s3  |   U   |
[   19.073349] cloud-init[943]: ci-info: +-------+-------------+----------+---------------+-----------+-------+
[   19.073815] cloud-init[943]: ci-info: +++++++++++++++++++Route IPv6 info+++++++++++++++++++
[   19.074118] cloud-init[943]: ci-info: +-------+-------------+---------+-----------+-------+
[   19.074385] cloud-init[943]: ci-info: | Route | Destination | Gateway | Interface | Flags |
[   19.074636] cloud-init[943]: ci-info: +-------+-------------+---------+-----------+-------+
[   19.074886] cloud-init[943]: ci-info: |   0   |  fe80::/64  |    ::   |   enp0s3  |   U   |
[   19.075164] cloud-init[943]: ci-info: |   3   |   ff00::/8  |    ::   |   enp0s3  |   U   |
[   19.075406] cloud-init[943]: ci-info: +-------+-------------+---------+-----------+-------+
[   19.075657] cloud-init[943]: Generating public/private rsa key pair.
[   19.075914] cloud-init[943]: Your identification has been saved in /etc/ssh/ssh_host_rsa_key.
[[0;32m  OK  [0m] Started Initial cloud-init job (metadata service crawler).
[   19.078129] cloud-init[943]: Your public key has been saved in /etc/ssh/ssh_host_rsa_key.pub.
[   19.228346] cloud-init[943]: The key fingerprint is:
[   19.228739] cloud-init[943]: SHA256:WBvF8pM+D0/JlP/hd6DmXFQzQcPihQ5UsmWa4j6cI2U root@ubuntu-xenial
[   19.229136] cloud-init[943]: The key's randomart image is:
[   19.229521] cloud-init[943]: +---[RSA 2048]----+
[   19.229897] cloud-init[943]: |         .oo.+++ |
[   19.230279] cloud-init[943]: |        ....Bo oo|
[   19.230659] cloud-init[943]: |        o+ =+.oo.|
[   19.231044] cloud-init[943]: |       o.o= oo .o|
[   19.231420] cloud-init[943]: |      . SE + o.  |
[   19.231803] cloud-init[943]: |        = = +.o. |
[   19.232504] cloud-init[943]: |       . * * .oo.|
[   19.232768] cloud-init[943]: |        . o.=. .+|
[   19.233052] cloud-init[943]: |           oo   o|
[   19.233371] cloud-init[943]: +----[SHA256]-----+
[   19.233866] cloud-init[943]: Generating public/private dsa key pair.
[   19.234078] cloud-init[943]: Your identification has been saved in /etc/ssh/ssh_host_dsa_key.
[   19.234337] cloud-init[943]: Your public key has been saved in /etc/ssh/ssh_host_dsa_key.pub.
[   19.234567] cloud-init[943]: The key fingerprint is:
[   19.234793] cloud-init[943]: SHA256:lVtxl06dZtFjUPPsCQ2vm7P11/D5WLH/mP6nY2jwCeI root@ubuntu-xenial
[   19.235019] cloud-init[943]: The key's randomart image is:
[   19.235253] cloud-init[943]: +---[DSA 1024]----+
[   19.235497] cloud-init[943]: |            .o++B|
[   19.235716] cloud-init[943]: |           . o+@=|
[   19.235957] cloud-init[943]: |          o ..*o+|
[   19.236435] cloud-init[943]: |         . o  oo.|
[   19.236665] cloud-init[943]: |        S .  . o.|
[   19.236884] cloud-init[943]: |        . o   + o|
[   19.237087] cloud-init[943]: |       . . + * =+|
[   19.237297] cloud-init[943]: |        E   = **B|
[[0;32m  OK  [0m] Reached target System Initialization.
         [   19.237355] cloud-init[943]: |           . +*+@|
[   19.337186] cloud-init[943]: +----[SHA256]-----+
[   19.337374] cloud-init[943]: Generating public/private ecdsa key pair.Starting Socket activation for snappy daemon.

[[   19.337482] cloud-init[943]: Your identification has been saved in /etc/ssh/ssh_host_ecdsa_key.
[   19.344361] cloud-init[943]: Your public key has been saved in /etc/ssh/ssh_host_ecdsa_key.pub.
[   19.344548] cloud-init[943]: The key fingerprint is:
[   19.344756] cloud-init[943]: SHA256:MRSDiiBzPdRG+T3AgzXfqDGwQ3MR/qVR9yDGAJATxJI root@ubuntu-xenial
[   19.344965] cloud-init[943]: The key's randomart image is:
[   19.345183] cloud-init[943]: +---[ECDSA 256]---+
[0;32m  OK  [0m] Listening on D-Bus System Message Bus Socket.
[   19.345491] cloud-init[943]: |   o.*OX@=.o+ o  |
[   19.378696] cloud-init[943]: |+ . E.XB++ =.o o |
[   19.378959] cloud-init[943]: |.+ . =oo*++ o   .|
[   19.379282] cloud-init[943]: |  . .  ..Bo+     |
[   19.379568] cloud-init[943]: |        S o.     |
[[0;32m  OK  [0m] Listening on ACPID Listen Socket.
[   19.379868] cloud-init[943]: |                 |
[   19.407218] cloud-init[943]: |                 |
[   19.407550] cloud-init[943]: |                 |
[   19.407759] cloud-init[943]: |                 |
[   19.407968] cloud-init[943]: +----[SHA256]-----+
[   19.408390] cloud-init[943]: Generating public/private ed25519 key pair.
[   19.408605] cloud-init[943]: Your identification has been saved in /etc/ssh/ssh_host_ed25519_key.
[   19.408810] cloud-init[943]: Your public key has been saved in /etc/ssh/ssh_host_ed25519_key.pub.
[   19.409030] cloud-init[943]: The key fingerprint is:
[   19.409245] cloud-init[943]: SHA256:A/XTdVoLxXEYL+4EbC3+nhDjrxoox7om05nYnm2ezfo root@ubuntu-xenial
[   19.409466] cloud-init[943]: The key's randomart image is:
[   19.409686] cloud-init[943]: +--[ED25519 256]--+
[   19.409905] cloud-init[943]: |        .    .===|
[   19.410128] cloud-init[943]: |       . . o oo*o|
[   19.410690] cloud-init[943]: |      .   o * +..|
[   19.410834] cloud-init[943]: |       .   + + . |
[   19.411053] cloud-init[943]: |        S   + o  |
[[0;32m  OK  [0m] Started Daily apt download activities.
[   19.411717] cloud-init[943]: |       . o . *   |
[   19.422971] cloud-init[943]: |     +.o+ . o o  |
[   19.447580] cloud-init[943]: |    + **.+ . + . |
[   19.448001] cloud-init[943]: |     ==+=oE...+  |
[[0;32m  OK  [0m] Started ACPI Events Check.
[   19.449384] cloud-init[943]: +----[SHA256]-----+
[[0;32m  OK  [0m] Reached target Paths.
[[0;32m  OK  [0m] Started Daily Cleanup of Temporary Directories.
[[0;32m  OK  [0m] Listening on UUID daemon activation socket.
[[0;32m  OK  [0m] Started Daily apt upgrade and clean activities.
[[0;32m  OK  [0m] Reached target Timers.
         Starting LXD - unix socket.
[[0;32m  OK  [0m] Reached target Network is Online.
         Starting iSCSI initiator daemon (iscsid)...
[[0;32m  OK  [0m] Reached target Cloud-config availability.
[[0;32m  OK  [0m] Listening on Socket activation for snappy daemon.
[[0;32m  OK  [0m] Listening on LXD - unix socket.
[[0;32m  OK  [0m] Reached target Sockets.
[[0;32m  OK  [0m] Reached target Basic System.
[[0;32m  OK  [0m] Started Regular background program processing daemon.
         Starting Virtualbox guest utils...
[[0;32m  OK  [0m] Started ACPI event daemon.
         Starting Login Service...
[[0;32m  OK  [0m] Started Unattended Upgrades Shutdown.
[[0;32m  OK  [0m] Started FUSE filesystem for LXC.
         Starting System Logging Service...
         Starting Pollinate to seed the pseudo random number generator...
         Starting LSB: Record successful boot for GRUB...
[[0;32m  OK  [0m] Started Deferred execution scheduler.
         Starting Snappy daemon...
         Starting /etc/rc.local Compatibility...
         Starting Accounts Service...
         Starting LXD - container startup/shutdown...
[[0;32m  OK  [0m] Started D-Bus System Message Bus.
         Starting LSB: MD monitoring daemon...
[[0;32m  OK  [0m] Started /etc/rc.local Compatibility.
[[0;32m  OK  [0m] Started Login Service.
[[0;32m  OK  [0m] Started System Logging Service.
[[0;32m  OK  [0m] Started iSCSI initiator daemon (iscsid).
         Starting Login to default iSCSI targets...
[[0;32m  OK  [0m] Started LSB: Record successful boot for GRUB.
[[0;32m  OK  [0m] Started LSB: MD monitoring daemon.
[[0;32m  OK  [0m] Started Login to default iSCSI targets.
[[0;32m  OK  [0m] Reached target Remote File Systems (Pre).
[[0;32m  OK  [0m] Reached target Remote File Systems.
         Starting LSB: Set the CPU Frequency Scaling governor to "ondemand"...
         Starting Permit User Sessions...
         Starting LSB: daemon to balance interrupts for SMP systems...
         Starting LSB: automatic crash report generation...
         Starting Authenticate and Authorize Users to Run Privileged Tasks...
[[0;32m  OK  [0m] Started LSB: Set the CPU Frequency Scaling governor to "ondemand".
[[0;32m  OK  [0m] Started Permit User Sessions.
         Starting Terminate Plymouth Boot Screen...
         Starting Hold until boot process finishes up...
[[0;32m  OK  [0m] Started Hold until boot process finishes up.
[[0;32m  OK  [0m] Started Terminate Plymouth Boot Screen.
[[0;32m  OK  [0m] Started Serial Getty on ttyS0.
[[0;32m  OK  [0m] Started Getty on tty1.
[[0;32m  OK  [0m] Reached target Login Prompts.
         Starting Set console scheme...
[[0;32m  OK  [0m] Started LSB: daemon to balance interrupts for SMP systems.
[[0;32m  OK  [0m] Started Set console scheme.
[[0;32m  OK  [0m] Started LSB: automatic crash report generation.
[[0;32m  OK  [0m] Started Virtualbox guest utils.
[[0;32m  OK  [0m] Started Authenticate and Authorize Users to Run Privileged Tasks.
[[0;32m  OK  [0m] Started Accounts Service.
[[0;32m  OK  [0m] Started Pollinate to seed the pseudo random number generator.
         Starting OpenBSD Secure Shell server...
[[0;32m  OK  [0m] Started OpenBSD Secure Shell server.
[[0;32m  OK  [0m] Started LXD - container startup/shutdown.
[[0;32m  OK  [0m] Created slice User Slice of vagrant.
         Starting User Manager for UID 1000...
[[0;32m  OK  [0m] Started Session 1 of user vagrant.
[[0;32m  OK  [0m] Started Snappy daemon.
         Starting Wait until snapd is fully seeded...
[[0;32m  OK  [0m] Started User Manager for UID 1000.
[[0;32m  OK  [0m] Started Wait until snapd is fully seeded.
         Starting Apply the settings specified in cloud-config...
[[0;32m  OK  [0m] Reached target Multi-User System.
[[0;32m  OK  [0m] Reached target Graphical Interface.
         Starting Update UTMP about System Runlevel Changes...
[[0;32m  OK  [0m] Started Update UTMP about System Runlevel Changes.
[   26.686460] cloud-init[1266]: Generating locales (this might take a while)...

Ubuntu 16.04.5 LTS ubuntu-xenial ttyS0

ubuntu-xenial login: [   30.248626] cloud-init[1266]:   en_US.UTF-8... done
[   30.249470] cloud-init[1266]: Generation complete.
[   33.752666] cloud-init[1266]: Cloud-init v. 18.4-0ubuntu1~16.04.2 running 'modules:config' at Thu, 24 Jan 2019 06:57:25 +0000. Up 26.05 seconds.
ci-info: no authorized ssh keys fingerprints found for user ubuntu.
<14>Jan 24 06:57:33 ec2: 
<14>Jan 24 06:57:33 ec2: #############################################################
<14>Jan 24 06:57:33 ec2: -----BEGIN SSH HOST KEY FINGERPRINTS-----
<14>Jan 24 06:57:33 ec2: 1024 SHA256:lVtxl06dZtFjUPPsCQ2vm7P11/D5WLH/mP6nY2jwCeI root@ubuntu-xenial (DSA)
<14>Jan 24 06:57:33 ec2: 256 SHA256:MRSDiiBzPdRG+T3AgzXfqDGwQ3MR/qVR9yDGAJATxJI root@ubuntu-xenial (ECDSA)
<14>Jan 24 06:57:33 ec2: 256 SHA256:A/XTdVoLxXEYL+4EbC3+nhDjrxoox7om05nYnm2ezfo root@ubuntu-xenial (ED25519)
<14>Jan 24 06:57:33 ec2: 2048 SHA256:WBvF8pM+D0/JlP/hd6DmXFQzQcPihQ5UsmWa4j6cI2U root@ubuntu-xenial (RSA)
<14>Jan 24 06:57:33 ec2: -----END SSH HOST KEY FINGERPRINTS-----
<14>Jan 24 06:57:33 ec2: #############################################################
-----BEGIN SSH HOST KEY KEYS-----
ecdsa-sha2-nistp256 AAAAE2VjZHNhLXNoYTItbmlzdHAyNTYAAAAIbmlzdHAyNTYAAABBBFRaOS6+xRs3jVqs8d+TOUn0d80TiFfqmcBR9dHRReFCvEohRUtv1ekJqrUG/Q083xklmerSZ602k0w55TPHAMg= root@ubuntu-xenial
ssh-ed25519 AAAAC3NzaC1lZDI1NTE5AAAAIJp7NwkFnQYTRwGamef5SSWQwKqxc2rw/1QqMAUV9ZPV root@ubuntu-xenial
ssh-rsa AAAAB3NzaC1yc2EAAAADAQABAAABAQDE9ckNnnZ0qJXOa3HiEc0aYXNAYegufqBQsftuI0RXkIRmiuTgX9KVR6lebYg8q05TvO0wexOCiMcK8Co993j0zY3XMl6rmIg0kqH8TOYJEvaXB2Vqf3LY7+j3SZwBknLYEQGQ1oRP1Vq1NZXNk/8Xbre55j/MJ+m0dzkvwPvf9UdTnnIz8MHy0eVLGfku3ik2P6f9zOEa2RGjOtR9bFOp9VCMffdoniTx0S4NqAKTsG2mJ0DrWqW9yw9nQISzsAktfftNE/gRTkjQnDTt3cIrluQ02GDbt6sNMnKkI6eKxOwIVH/46EvICgBua9r11Dmzp8HevZHNZ+KiXf4E82Av root@ubuntu-xenial
-----END SSH HOST KEY KEYS-----
[   34.496370] cloud-init[1478]: Cloud-init v. 18.4-0ubuntu1~16.04.2 running 'modules:final' at Thu, 24 Jan 2019 06:57:33 +0000. Up 34.28 seconds.
[   34.496686] cloud-init[1478]: ci-info: no authorized ssh keys fingerprints found for user ubuntu.
[   34.496900] cloud-init[1478]: Cloud-init v. 18.4-0ubuntu1~16.04.2 finished at Thu, 24 Jan 2019 06:57:33 +0000. Datasource DataSourceNoCloud [seed=/dev/sdb][dsmode=net].  Up 34.48 seconds
